androidApp/build/intermediates/manifest_merge_blame_file/debug/manifest-merger-blame-debug-report.txt
1<?xml version="1.0" encoding="utf-8"?>
2<manifest xmlns:android="http://schemas.android.com/apk/res/android"
3    package="com.involta.textile.android"
4    android:versionCode="1"
5    android:versionName="1.0" >
6
7    <uses-sdk
8        android:minSdkVersion="21"
8-->src/main/AndroidManifest.xml
9        android:targetSdkVersion="33" />
9-->src/main/AndroidManifest.xml
10
11    <uses-permission android:name="android.permission.INTERNET" />
11-->src/main/AndroidManifest.xml:4:5-67
11-->src/main/AndroidManifest.xml:4:22-64
12    <uses-permission android:name="android.permission.ACCESS_NETWORK_STATE" />
12-->src/main/AndroidManifest.xml:5:5-79
12-->src/main/AndroidManifest.xml:5:22-76
13
14    <application
14-->src/main/AndroidManifest.xml:7:5-20:19
15        android:name="com.involta.textile.android.TextileApplication"
15-->src/main/AndroidManifest.xml:8:9-43
16        android:allowBackup="false"
16-->src/main/AndroidManifest.xml:9:9-36
17        android:appComponentFactory="androidx.core.app.CoreComponentFactory"
17-->[androidx.core:core:1.8.0] AndroidManifest.xml:24:18-86
18        android:debuggable="true"
19        android:supportsRtl="true"
19-->src/main/AndroidManifest.xml:10:9-35
20        android:theme="@style/AppTheme" >
20-->src/main/AndroidManifest.xml:11:9-40
21        <activity
21-->src/main/AndroidManifest.xml:12:9-19:20
22            android:name="com.involta.textile.android.MainActivity"
22-->src/main/AndroidManifest.xml:13:13-41
23            android:exported="true" >
23-->src/main/AndroidManifest.xml:14:13-36
24            <intent-filter>
24-->src/main/AndroidManifest.xml:15:13-18:29
25                <action android:name="android.intent.action.MAIN" />
25-->src/main/AndroidManifest.xml:16:17-69
25-->src/main/AndroidManifest.xml:16:25-66
26
27                <category android:name="android.intent.category.LAUNCHER" />
27-->src/main/AndroidManifest.xml:17:17-77
27-->src/main/AndroidManifest.xml:17:27-74
28            </intent-filter>
29        </activity>
30        <activity
30-->[androidx.compose.ui:ui-tooling:1.3.2] AndroidManifest.xml:23:9-25:39
31            android:name="androidx.compose.ui.tooling.PreviewActivity"
31-->[androidx.compose.ui:ui-tooling:1.3.2] AndroidManifest.xml:24:13-71
32            android:exported="true" />
32-->[androidx.compose.ui:ui-tooling:1.3.2] AndroidManifest.xml:25:13-36
33
34        <provider
34-->[androidx.profileinstaller:profileinstaller:1.2.0] AndroidManifest.xml:25:9-33:20
35            android:name="androidx.startup.InitializationProvider"
35-->[androidx.profileinstaller:profileinstaller:1.2.0] AndroidManifest.xml:26:13-67
36            android:authorities="com.involta.textile.android.androidx-startup"
36-->[androidx.profileinstaller:profileinstaller:1.2.0] AndroidManifest.xml:27:13-68
37            android:exported="false" >
37-->[androidx.profileinstaller:profileinstaller:1.2.0] AndroidManifest.xml:28:13-37
38            <meta-data
38-->[androidx.profileinstaller:profileinstaller:1.2.0] AndroidManifest.xml:30:13-32:52
39                android:name="androidx.profileinstaller.ProfileInstallerInitializer"
39-->[androidx.profileinstaller:profileinstaller:1.2.0] AndroidManifest.xml:31:17-85
40                android:value="androidx.startup" />
40-->[androidx.profileinstaller:profileinstaller:1.2.0] AndroidManifest.xml:32:17-49
41            <meta-data
41-->[androidx.emoji2:emoji2:1.0.0-alpha03] AndroidManifest.xml:31:13-33:52
42                android:name="androidx.emoji2.text.EmojiCompatInitializer"
42-->[androidx.emoji2:emoji2:1.0.0-alpha03] AndroidManifest.xml:32:17-75
43                android:value="androidx.startup" />
43-->[androidx.emoji2:emoji2:1.0.0-alpha03] AndroidManifest.xml:33:17-49
44            <meta-data
44-->[androidx.lifecycle:lifecycle-process:2.4.0-alpha02] AndroidManifest.xml:31:13-33:52
45                android:name="androidx.lifecycle.ProcessLifecycleInitializer"
45-->[androidx.lifecycle:lifecycle-process:2.4.0-alpha02] AndroidManifest.xml:32:17-78
46                android:value="androidx.startup" />
46-->[androidx.lifecycle:lifecycle-process:2.4.0-alpha02] AndroidManifest.xml:33:17-49
47        </provider>
48
49        <receiver
49-->[androidx.profileinstaller:profileinstaller:1.2.0] AndroidManifest.xml:35:9-47:20
50            android:name="androidx.profileinstaller.ProfileInstallReceiver"
50-->[androidx.profileinstaller:profileinstaller:1.2.0] AndroidManifest.xml:36:13-76
51            android:directBootAware="false"
51-->[androidx.profileinstaller:profileinstaller:1.2.0] AndroidManifest.xml:37:13-44
52            android:enabled="true"
52-->[androidx.profileinstaller:profileinstaller:1.2.0] AndroidManifest.xml:38:13-35
53            android:exported="true"
53-->[androidx.profileinstaller:profileinstaller:1.2.0] AndroidManifest.xml:39:13-36
54            android:permission="android.permission.DUMP" >
54-->[androidx.profileinstaller:profileinstaller:1.2.0] AndroidManifest.xml:40:13-57
55            <intent-filter>
55-->[androidx.profileinstaller:profileinstaller:1.2.0] AndroidManifest.xml:41:13-43:29
56                <action android:name="androidx.profileinstaller.action.INSTALL_PROFILE" />
56-->[androidx.profileinstaller:profileinstaller:1.2.0] AndroidManifest.xml:42:17-91
56-->[androidx.profileinstaller:profileinstaller:1.2.0] AndroidManifest.xml:42:25-88
57            </intent-filter>
58            <intent-filter>
58-->[androidx.profileinstaller:profileinstaller:1.2.0] AndroidManifest.xml:44:13-46:29
59                <action android:name="androidx.profileinstaller.action.SKIP_FILE" />
59-->[androidx.profileinstaller:profileinstaller:1.2.0] AndroidManifest.xml:45:17-85
59-->[androidx.profileinstaller:profileinstaller:1.2.0] AndroidManifest.xml:45:25-82
60            </intent-filter>
61        </receiver>
62    </application>
63
64</manifest>